To honour the JVM settings for this build a single-use Daemon process will be forked. For more on this, please refer to https://docs.gradle.org/9.3.1/userguide/gradle_daemon.html#sec:disabling_the_daemon in the Gradle documentation.
Daemon will be stopped at the end of the build 
> Task :clean

> Task :createMinecraftArtifacts
Loaded 141 artifacts from E:\GitHub\BuildCraft\build\tmp\createMinecraftArtifacts\nfrt_artifact_manifest.properties
[1m*** Started working on [4mdownloadManifest[0m[0m
  DL    https://launchermeta.mojang.com/mc/game/version_manifest_v2.json
 [1m[92mDONE [0m Completed [4mdownloadManifest[0m in 0.74s
[1m*** Started working on [4mdownloadJson[0m[0m
 [1m[92mDONE [0m Completed [4mdownloadJson[0m in 0.00s
[1m*** Started working on [4mdownloadClient[0m[0m
[1m*** Started working on [4mdownloadServer[0m[0m
 [1m[92mDONE [0m Completed [4mdownloadServer[0m in 0.02s
 [1m[92mDONE [0m Completed [4mdownloadClient[0m in 0.02s
[1m*** Started working on [4mpreProcessJar[0m[0m
 [1m[92mREUSE[0m Used cache of [4mpreProcessJar[0m in 0.00s
[1m*** Started working on [4mdecompile[0m[0m
 [1m[92mREUSE[0m Used cache of [4mdecompile[0m in 0.00s
[1m*** Started working on [4mpatch[0m[0m
 [1m[92mREUSE[0m Used cache of [4mpatch[0m in 0.00s
[1m*** Started working on [4mapplyNeoforgePatches[0m[0m
 [1m[92mREUSE[0m Used cache of [4mapplyNeoforgePatches[0m in 0.00s
[1m*** Started working on [4mtransformSources[0m[0m
 [1m[92mREUSE[0m Used cache of [4mtransformSources[0m in 0.00s
[1m*** Started working on [4mrecompile[0m[0m
 [1m[92mREUSE[0m Used cache of [4mrecompile[0m in 0.00s
[1m*** Started working on [4mmergeWithSources[0m[0m
 [1m[92mREUSE[0m Used cache of [4mmergeWithSources[0m in 0.00s
Total runtime: 2.14s


> Task :compileJava
E:\GitHub\BuildCraft\src\main\java\buildcraft\api\robots\EntityRobotBase.java:22: warning: [removal] IItemHandler in net.neoforged.neoforge.items has been deprecated and marked for removal
public abstract class EntityRobotBase extends LivingEntity implements IItemHandler, IFluidHandlerAdv {
                                                                      ^
E:\GitHub\BuildCraft\src\main\java\buildcraft\api\core\IFluidHandlerAdv.java:9: warning: [removal] IFluidHandler in net.neoforged.neoforge.fluids.capability has been deprecated and marked for removal
public interface IFluidHandlerAdv extends IFluidHandler {
                                          ^
E:\GitHub\BuildCraft\src\main\java\buildcraft\api\robots\DockingStation.java:205: warning: [removal] IFluidHandler in net.neoforged.neoforge.fluids.capability has been deprecated and marked for removal
    public IFluidHandler getFluidOutput() {
           ^
E:\GitHub\BuildCraft\src\main\java\buildcraft\api\robots\DockingStation.java:213: warning: [removal] IFluidHandler in net.neoforged.neoforge.fluids.capability has been deprecated and marked for removal
    public IFluidHandler getFluidInput() {
           ^
E:\GitHub\BuildCraft\src\main\java\buildcraft\api\inventory\IItemHandlerFiltered.java:10: warning: [removal] IItemHandler in net.neoforged.neoforge.items has been deprecated and marked for removal
public interface IItemHandlerFiltered extends IItemHandler {
                                              ^
E:\GitHub\BuildCraft\src\main\java\buildcraft\api\inventory\IItemHandlerFiltered.java:17: warning: [removal] getStackInSlot(int) in IItemHandler has been deprecated and marked for removal
        return getStackInSlot(slot);
               ^
E:\GitHub\BuildCraft\src\main\java\buildcraft\api\items\FluidItemDrops.java:21: warning: [removal] IFluidTank in net.neoforged.neoforge.fluids has been deprecated and marked for removal
    public static void addFluidDrops(NonNullList<ItemStack> toDrop, IFluidTank... tanks) {
                                                                    ^
E:\GitHub\BuildCraft\src\main\java\buildcraft\api\items\FluidItemDrops.java:23: warning: [removal] IFluidTank in net.neoforged.neoforge.fluids has been deprecated and marked for removal
            for (IFluidTank tank : tanks) {
                 ^
E:\GitHub\BuildCraft\src\main\java\buildcraft\lib\tile\TileBC_Neptune.java:39: warning: [removal] IItemHandlerModifiable in net.neoforged.neoforge.items has been deprecated and marked for removal
        (handler, slot, before, after) -> this.setChanged()
         ^
E:\GitHub\BuildCraft\src\main\java\buildcraft\builders\tile\TileBuilder.java:90: warning: [removal] IFluidHandler in net.neoforged.neoforge.fluids.capability has been deprecated and marked for removal
    private final IFluidHandler stubFluidHandler = new IFluidHandler() {
                  ^
E:\GitHub\BuildCraft\src\main\java\buildcraft\builders\tile\TileBuilder.java:90: warning: [removal] IFluidHandler in net.neoforged.neoforge.fluids.capability has been deprecated and marked for removal
    private final IFluidHandler stubFluidHandler = new IFluidHandler() {
                                                       ^
E:\GitHub\BuildCraft\src\main\java\buildcraft\builders\tile\TileBuilder.java:97: warning: [removal] drain(int,FluidAction) in IFluidHandler has been deprecated and marked for removal
        @Override public FluidStack drain(int maxDrain, FluidAction action) { return FluidStack.EMPTY; }
                                    ^
E:\GitHub\BuildCraft\src\main\java\buildcraft\builders\tile\TileBuilder.java:96: warning: [removal] drain(FluidStack,FluidAction) in IFluidHandler has been deprecated and marked for removal
        @Override public FluidStack drain(FluidStack resource, FluidAction action) { return FluidStack.EMPTY; }
                                    ^
E:\GitHub\BuildCraft\src\main\java\buildcraft\builders\tile\TileBuilder.java:95: warning: [removal] fill(FluidStack,FluidAction) in IFluidHandler has been deprecated and marked for removal
        @Override public int fill(FluidStack resource, FluidAction action) { return 0; }
                             ^
E:\GitHub\BuildCraft\src\main\java\buildcraft\builders\tile\TileBuilder.java:94: warning: [removal] isFluidValid(int,FluidStack) in IFluidHandler has been deprecated and marked for removal
        @Override public boolean isFluidValid(int tank, FluidStack stack) { return false; }
                                 ^
E:\GitHub\BuildCraft\src\main\java\buildcraft\builders\tile\TileBuilder.java:93: warning: [removal] getTankCapacity(int) in IFluidHandler has been deprecated and marked for removal
        @Override public int getTankCapacity(int tank) { return 0; }
                             ^
E:\GitHub\BuildCraft\src\main\java\buildcraft\builders\tile\TileBuilder.java:92: warning: [removal] getFluidInTank(int) in IFluidHandler has been deprecated and marked for removal
        @Override public FluidStack getFluidInTank(int tank) { return FluidStack.EMPTY; }
                                    ^
E:\GitHub\BuildCraft\src\main\java\buildcraft\builders\tile\TileBuilder.java:91: warning: [removal] getTanks() in IFluidHandler has been deprecated and marked for removal
        @Override public int getTanks() { return 0; }
                             ^
E:\GitHub\BuildCraft\src\main\java\buildcraft\builders\tile\TileBuilder.java:346: warning: [removal] IFluidHandler in net.neoforged.neoforge.fluids.capability has been deprecated and marked for removal
    public IFluidHandler getTankManager() {
           ^
E:\GitHub\BuildCraft\src\main\java\buildcraft\builders\snapshot\ITileForBlueprintBuilder.java:18: warning: [removal] IFluidHandler in net.neoforged.neoforge.fluids.capability has been deprecated and marked for removal
    IFluidHandler getTankManager();
    ^
E:\GitHub\BuildCraft\src\main\java\buildcraft\lib\tile\item\ItemHandlerSimple.java:32: warning: [removal] IItemHandlerModifiable in net.neoforged.neoforge.items has been deprecated and marked for removal
    implements IItemHandlerModifiable, IItemHandlerAdv, INBTSerializable<CompoundTag> {
               ^
E:\GitHub\BuildCraft\src\main\java\buildcraft\lib\tile\item\ItemHandlerSimple.java:299: warning: [removal] isItemValid(int,ItemStack) in IItemHandler has been deprecated and marked for removal
    public boolean isItemValid(int slot, ItemStack stack) {
                   ^
E:\GitHub\BuildCraft\src\main\java\buildcraft\lib\tile\item\ItemHandlerSimple.java:289: warning: [removal] getSlotLimit(int) in IItemHandler has been deprecated and marked for removal
    public int getSlotLimit(int slot) {
               ^
E:\GitHub\BuildCraft\src\main\java\buildcraft\lib\tile\item\ItemHandlerSimple.java:192: warning: [removal] extractItem(int,int,boolean) in IItemHandler has been deprecated and marked for removal
    public ItemStack extractItem(int slot, int amount, boolean simulate) {
                     ^
E:\GitHub\BuildCraft\src\main\java\buildcraft\lib\tile\item\ItemHandlerSimple.java:148: warning: [removal] insertItem(int,ItemStack,boolean) in IItemHandler has been deprecated and marked for removal
    public ItemStack insertItem(int slot, @Nonnull ItemStack stack, boolean simulate) {
                     ^
E:\GitHub\BuildCraft\src\main\java\buildcraft\lib\tile\item\ItemHandlerSimple.java:141: warning: [removal] getStackInSlot(int) in IItemHandler has been deprecated and marked for removal
    public ItemStack getStackInSlot(int slot) {
                     ^
E:\GitHub\BuildCraft\src\main\java\buildcraft\lib\tile\item\ItemHandlerSimple.java:125: warning: [removal] getSlots() in IItemHandler has been deprecated and marked for removal
    public int getSlots() {
               ^
E:\GitHub\BuildCraft\src\main\java\buildcraft\lib\tile\item\IItemHandlerAdv.java:14: warning: [removal] IItemHandler in net.neoforged.neoforge.items has been deprecated and marked for removal
public interface IItemHandlerAdv extends IItemHandler, StackInsertionChecker {}
                                         ^
E:\GitHub\BuildCraft\src\main\java\buildcraft\lib\tile\item\StackChangeCallback.java:19: warning: [removal] IItemHandlerModifiable in net.neoforged.neoforge.items has been deprecated and marked for removal
    void onStackChange(IItemHandlerModifiable itemHandler, int slot, @Nonnull ItemStack before, @Nonnull ItemStack after);
                       ^
E:\GitHub\BuildCraft\src\main\java\buildcraft\builders\snapshot\BlueprintBuilder.java:103: warning: [removal] FluidUtil in net.neoforged.neoforge.fluids has been deprecated and marked for removal
                    ItemStack bucket = net.neoforged.neoforge.fluids.FluidUtil.getFilledBucket(fluidStack);
                                                                    ^
E:\GitHub\BuildCraft\src\main\java\buildcraft\builders\snapshot\BlueprintBuilder.java:103: warning: [removal] getFilledBucket(FluidStack) in FluidUtil has been deprecated and marked for removal
                    ItemStack bucket = net.neoforged.neoforge.fluids.FluidUtil.getFilledBucket(fluidStack);
                                                                              ^
E:\GitHub\BuildCraft\src\main\java\buildcraft\builders\snapshot\BlueprintBuilder.java:125: warning: [removal] IFluidHandler in net.neoforged.neoforge.fluids.capability has been deprecated and marked for removal
                            FluidUtilBC.areFluidStackEqual(stack, tile.getTankManager().drain(stack, net.neoforged.neoforge.fluids.capability.IFluidHandler.FluidAction.SIMULATE))
                                                                                                                                             ^
E:\GitHub\BuildCraft\src\main\java\buildcraft\builders\snapshot\BlueprintBuilder.java:125: warning: [removal] drain(FluidStack,FluidAction) in IFluidHandler has been deprecated and marked for removal
                            FluidUtilBC.areFluidStackEqual(stack, tile.getTankManager().drain(stack, net.neoforged.neoforge.fluids.capability.IFluidHandler.FluidAction.SIMULATE))
                                                                                       ^
E:\GitHub\BuildCraft\src\main\java\buildcraft\builders\snapshot\BlueprintBuilder.java:142: warning: [removal] IFluidHandler in net.neoforged.neoforge.fluids.capability has been deprecated and marked for removal
                                .map(fluidStack -> tile.getTankManager().drain(fluidStack, simulate ? net.neoforged.neoforge.fluids.capability.IFluidHandler.FluidAction.SIMULATE : net.neoforged.neoforge.fluids.capability.IFluidHandler.FluidAction.EXECUTE))
                                                                                                                                              ^
E:\GitHub\BuildCraft\src\main\java\buildcraft\builders\snapshot\BlueprintBuilder.java:142: warning: [removal] IFluidHandler in net.neoforged.neoforge.fluids.capability has been deprecated and marked for removal
                                .map(fluidStack -> tile.getTankManager().drain(fluidStack, simulate ? net.neoforged.neoforge.fluids.capability.IFluidHandler.FluidAction.SIMULATE : net.neoforged.neoforge.fluids.capability.IFluidHandler.FluidAction.EXECUTE))
                                                                                                                                                                                                                            ^
E:\GitHub\BuildCraft\src\main\java\buildcraft\builders\snapshot\BlueprintBuilder.java:142: warning: [removal] drain(FluidStack,FluidAction) in IFluidHandler has been deprecated and marked for removal
                                .map(fluidStack -> tile.getTankManager().drain(fluidStack, simulate ? net.neoforged.neoforge.fluids.capability.IFluidHandler.FluidAction.SIMULATE : net.neoforged.neoforge.fluids.capability.IFluidHandler.FluidAction.EXECUTE))
                                                                        ^
E:\GitHub\BuildCraft\src\main\java\buildcraft\builders\snapshot\BlueprintBuilder.java:144: warning: [removal] FluidUtil in net.neoforged.neoforge.fluids has been deprecated and marked for removal
                                    ItemStack stack = net.neoforged.neoforge.fluids.FluidUtil.getFilledBucket(fluidStack);
                                                                                   ^
E:\GitHub\BuildCraft\src\main\java\buildcraft\builders\snapshot\BlueprintBuilder.java:144: warning: [removal] getFilledBucket(FluidStack) in FluidUtil has been deprecated and marked for removal
                                    ItemStack stack = net.neoforged.neoforge.fluids.FluidUtil.getFilledBucket(fluidStack);
                                                                                             ^
E:\GitHub\BuildCraft\src\main\java\buildcraft\builders\snapshot\BlueprintBuilder.java:232: warning: [removal] IFluidHandler in net.neoforged.neoforge.fluids.capability has been deprecated and marked for removal
            .forEach(fluidStack -> tile.getTankManager().fill(fluidStack, net.neoforged.neoforge.fluids.capability.IFluidHandler.FluidAction.EXECUTE));
                                                                                                                  ^
E:\GitHub\BuildCraft\src\main\java\buildcraft\builders\snapshot\BlueprintBuilder.java:232: warning: [removal] fill(FluidStack,FluidAction) in IFluidHandler has been deprecated and marked for removal
            .forEach(fluidStack -> tile.getTankManager().fill(fluidStack, net.neoforged.neoforge.fluids.capability.IFluidHandler.FluidAction.EXECUTE));
                                                        ^
E:\GitHub\BuildCraft\src\main\java\buildcraft\lib\tile\item\ItemHandlerManager.java:50: warning: [removal] IItemHandlerModifiable in net.neoforged.neoforge.items has been deprecated and marked for removal
    private final List<IItemHandlerModifiable> handlersToDrop = new ArrayList<>();
                       ^
E:\GitHub\BuildCraft\src\main\java\buildcraft\lib\tile\item\ItemHandlerManager.java:62: warning: [removal] IItemHandlerModifiable in net.neoforged.neoforge.items has been deprecated and marked for removal
    public <T extends INBTSerializable<CompoundTag> & IItemHandlerModifiable> T addInvHandler(String key, T handler,
                                                      ^
E:\GitHub\BuildCraft\src\main\java\buildcraft\lib\tile\item\ItemHandlerManager.java:67: warning: [removal] IItemHandlerModifiable in net.neoforged.neoforge.items has been deprecated and marked for removal
        IItemHandlerModifiable external = handler;
        ^
E:\GitHub\BuildCraft\src\main\java\buildcraft\lib\tile\item\ItemHandlerManager.java:124: warning: [removal] IItemHandlerModifiable in net.neoforged.neoforge.items has been deprecated and marked for removal
        for (IItemHandlerModifiable itemHandler : handlersToDrop) {
             ^
E:\GitHub\BuildCraft\src\main\java\buildcraft\lib\tile\item\ItemHandlerManager.java:130: warning: [removal] IItemHandler in net.neoforged.neoforge.items has been deprecated and marked for removal
    public IItemHandler getItemHandler(Direction facing) {
           ^
E:\GitHub\BuildCraft\src\main\java\buildcraft\lib\tile\item\ItemHandlerManager.java:154: warning: [removal] IItemHandlerModifiable in net.neoforged.neoforge.items has been deprecated and marked for removal
        private final List<IItemHandlerModifiable> handlers = new ArrayList<>();
                           ^
E:\GitHub\BuildCraft\src\main\java\buildcraft\lib\tile\item\ItemHandlerManager.java:155: warning: [removal] IItemHandlerModifiable in net.neoforged.neoforge.items has been deprecated and marked for removal
        private IItemHandlerModifiable combined = null;// TODO: This should be an IItemTransactor as well.
                ^
E:\GitHub\BuildCraft\src\main\java\buildcraft\lib\tile\item\ItemHandlerManager.java:163: warning: [removal] IItemHandlerModifiable in net.neoforged.neoforge.items has been deprecated and marked for removal
            IItemHandlerModifiable[] arr = new IItemHandlerModifiable[handlers.size()];
            ^
E:\GitHub\BuildCraft\src\main\java\buildcraft\lib\tile\item\ItemHandlerManager.java:163: warning: [removal] IItemHandlerModifiable in net.neoforged.neoforge.items has been deprecated and marked for removal
            IItemHandlerModifiable[] arr = new IItemHandlerModifiable[handlers.size()];
                                               ^
E:\GitHub\BuildCraft\src\main\java\buildcraft\builders\BCBuildersBlocks.java:23: warning: [removal] <B>registerBlock(String,Function<Properties,? extends B>,Properties) in Blocks has been deprecated and marked for removal
    public static final DeferredBlock<BlockFrame> FRAME = BLOCKS.registerBlock(
                                                                ^
  where B is a type-variable:
    B extends Block declared in method <B>registerBlock(String,Function<Properties,? extends B>,Properties)
E:\GitHub\BuildCraft\src\main\java\buildcraft\builders\BCBuildersBlocks.java:27: warning: [removal] <B>registerBlock(String,Function<Properties,? extends B>,Properties) in Blocks has been deprecated and marked for removal
    public static final DeferredBlock<BlockFiller> FILLER = BLOCKS.registerBlock(
                                                                  ^
  where B is a type-variable:
    B extends Block declared in method <B>registerBlock(String,Function<Properties,? extends B>,Properties)
E:\GitHub\BuildCraft\src\main\java\buildcraft\builders\BCBuildersBlocks.java:31: warning: [removal] <B>registerBlock(String,Function<Properties,? extends B>,Properties) in Blocks has been deprecated and marked for removal
    public static final DeferredBlock<BlockBuilder> BUILDER = BLOCKS.registerBlock(
                                                                    ^
  where B is a type-variable:
    B extends Block declared in method <B>registerBlock(String,Function<Properties,? extends B>,Properties)
E:\GitHub\BuildCraft\src\main\java\buildcraft\builders\BCBuildersBlocks.java:35: warning: [removal] <B>registerBlock(String,Function<Properties,? extends B>,Properties) in Blocks has been deprecated and marked for removal
    public static final DeferredBlock<BlockArchitectTable> ARCHITECT = BLOCKS.registerBlock(
                                                                             ^
  where B is a type-variable:
    B extends Block declared in method <B>registerBlock(String,Function<Properties,? extends B>,Properties)
E:\GitHub\BuildCraft\src\main\java\buildcraft\builders\BCBuildersBlocks.java:39: warning: [removal] <B>registerBlock(String,Function<Properties,? extends B>,Properties) in Blocks has been deprecated and marked for removal
    public static final DeferredBlock<BlockElectronicLibrary> LIBRARY = BLOCKS.registerBlock(
                                                                              ^
  where B is a type-variable:
    B extends Block declared in method <B>registerBlock(String,Function<Properties,? extends B>,Properties)
E:\GitHub\BuildCraft\src\main\java\buildcraft\builders\BCBuildersBlocks.java:43: warning: [removal] <B>registerBlock(String,Function<Properties,? extends B>,Properties) in Blocks has been deprecated and marked for removal
    public static final DeferredBlock<BlockReplacer> REPLACER = BLOCKS.registerBlock(
                                                                      ^
  where B is a type-variable:
    B extends Block declared in method <B>registerBlock(String,Function<Properties,? extends B>,Properties)
E:\GitHub\BuildCraft\src\main\java\buildcraft\builders\BCBuildersBlocks.java:47: warning: [removal] <B>registerBlock(String,Function<Properties,? extends B>,Properties) in Blocks has been deprecated and marked for removal
    public static final DeferredBlock<BlockQuarry> QUARRY = BLOCKS.registerBlock(
                                                                  ^
  where B is a type-variable:
    B extends Block declared in method <B>registerBlock(String,Function<Properties,? extends B>,Properties)
E:\GitHub\BuildCraft\src\main\java\buildcraft\lib\expression\api\IExpressionNode.java:40: warning: [dep-ann] deprecated item is not annotated with @Deprecated
        default double getAsDouble() {
                       ^
E:\GitHub\BuildCraft\src\main\java\buildcraft\lib\expression\api\IExpressionNode.java:61: warning: [dep-ann] deprecated item is not annotated with @Deprecated
        default long getAsLong() {
                     ^
E:\GitHub\BuildCraft\src\main\java\buildcraft\lib\expression\api\IExpressionNode.java:67: warning: [dep-ann] deprecated item is not annotated with @Deprecated
        default int getAsInt() {
                    ^
E:\GitHub\BuildCraft\src\main\java\buildcraft\lib\expression\api\IExpressionNode.java:88: warning: [dep-ann] deprecated item is not annotated with @Deprecated
        default boolean getAsBoolean() {
                        ^
E:\GitHub\BuildCraft\src\main\java\buildcraft\lib\expression\api\IExpressionNode.java:111: warning: [dep-ann] deprecated item is not annotated with @Deprecated
        default T get() {
                  ^
E:\GitHub\BuildCraft\src\main\java\buildcraft\core\BCCoreBlocks.java:18: warning: [removal] <B>registerBlock(String,Function<Properties,? extends B>,Properties) in Blocks has been deprecated and marked for removal
    public static final DeferredBlock<BlockSpring> SPRING_WATER = BLOCKS.registerBlock("spring_water",
                                                                        ^
  where B is a type-variable:
    B extends Block declared in method <B>registerBlock(String,Function<Properties,? extends B>,Properties)
E:\GitHub\BuildCraft\src\main\java\buildcraft\core\BCCoreBlocks.java:21: warning: [removal] <B>registerBlock(String,Function<Properties,? extends B>,Properties) in Blocks has been deprecated and marked for removal
    public static final DeferredBlock<BlockSpring> SPRING_OIL = BLOCKS.registerBlock("spring_oil",
                                                                      ^
  where B is a type-variable:
    B extends Block declared in method <B>registerBlock(String,Function<Properties,? extends B>,Properties)
E:\GitHub\BuildCraft\src\main\java\buildcraft\core\BCCoreBlocks.java:25: warning: [removal] registerSimpleBlock(String,Properties) in Blocks has been deprecated and marked for removal
    public static final DeferredBlock<Block> DECORATED_DESTROY = BLOCKS.registerSimpleBlock(
                                                                       ^
E:\GitHub\BuildCraft\src\main\java\buildcraft\core\BCCoreBlocks.java:28: warning: [removal] registerSimpleBlock(String,Properties) in Blocks has been deprecated and marked for removal
    public static final DeferredBlock<Block> DECORATED_BLUEPRINT = BLOCKS.registerSimpleBlock(
                                                                         ^
E:\GitHub\BuildCraft\src\main\java\buildcraft\core\BCCoreBlocks.java:31: warning: [removal] registerSimpleBlock(String,Properties) in Blocks has been deprecated and marked for removal
    public static final DeferredBlock<Block> DECORATED_TEMPLATE = BLOCKS.registerSimpleBlock(
                                                                        ^
E:\GitHub\BuildCraft\src\main\java\buildcraft\core\BCCoreBlocks.java:34: warning: [removal] registerSimpleBlock(String,Properties) in Blocks has been deprecated and marked for removal
    public static final DeferredBlock<Block> DECORATED_PAPER = BLOCKS.registerSimpleBlock(
                                                                     ^
E:\GitHub\BuildCraft\src\main\java\buildcraft\core\BCCoreBlocks.java:37: warning: [removal] registerSimpleBlock(String,Properties) in Blocks has been deprecated and marked for removal
    public static final DeferredBlock<Block> DECORATED_LEATHER = BLOCKS.registerSimpleBlock(
                                                                       ^
E:\GitHub\BuildCraft\src\main\java\buildcraft\core\BCCoreBlocks.java:40: warning: [removal] registerSimpleBlock(String,Properties) in Blocks has been deprecated and marked for removal
    public static final DeferredBlock<Block> DECORATED_LASER = BLOCKS.registerSimpleBlock(
                                                                     ^
E:\GitHub\BuildCraft\src\main\java\buildcraft\core\BCCoreBlocks.java:43: warning: [removal] <B>registerBlock(String,Function<Properties,? extends B>,Properties) in Blocks has been deprecated and marked for removal
    public static final DeferredBlock<buildcraft.core.block.BlockMarkerVolume> MARKER_VOLUME = BLOCKS.registerBlock(
                                                                                                     ^
  where B is a type-variable:
    B extends Block declared in method <B>registerBlock(String,Function<Properties,? extends B>,Properties)
E:\GitHub\BuildCraft\src\main\java\buildcraft\core\BCCoreBlocks.java:47: warning: [removal] <B>registerBlock(String,Function<Properties,? extends B>,Properties) in Blocks has been deprecated and marked for removal
    public static final DeferredBlock<BlockMarkerPath> MARKER_PATH = BLOCKS.registerBlock(
                                                                           ^
  where B is a type-variable:
    B extends Block declared in method <B>registerBlock(String,Function<Properties,? extends B>,Properties)
E:\GitHub\BuildCraft\src\main\java\buildcraft\core\BCCoreBlocks.java:51: warning: [removal] <B>registerBlock(String,Function<Properties,? extends B>,Properties) in Blocks has been deprecated and marked for removal
    public static final DeferredBlock<BlockEngineRedstone_BC8> ENGINE_REDSTONE = BLOCKS.registerBlock(
                                                                                       ^
  where B is a type-variable:
    B extends Block declared in method <B>registerBlock(String,Function<Properties,? extends B>,Properties)
E:\GitHub\BuildCraft\src\main\java\buildcraft\core\BCCoreBlocks.java:55: warning: [removal] <B>registerBlock(String,Function<Properties,? extends B>,Properties) in Blocks has been deprecated and marked for removal
    public static final DeferredBlock<BlockEngineCreative> ENGINE_CREATIVE = BLOCKS.registerBlock(
                                                                                   ^
  where B is a type-variable:
    B extends Block declared in method <B>registerBlock(String,Function<Properties,? extends B>,Properties)
E:\GitHub\BuildCraft\src\main\java\buildcraft\lib\gui\slot\SlotBase.java:18: warning: [removal] SlotItemHandler in net.neoforged.neoforge.items has been deprecated and marked for removal
public class SlotBase extends SlotItemHandler {
                              ^
E:\GitHub\BuildCraft\src\main\java\buildcraft\lib\gui\slot\SlotBase.java:41: warning: [removal] insertItem(int,ItemStack,boolean) in IItemHandler has been deprecated and marked for removal
        return getItemHandler().insertItem(handlerIndex, stack, simulate);
                               ^
E:\GitHub\BuildCraft\src\main\java\buildcraft\core\statements\TriggerInventory.java:56: warning: [removal] IItemHandler in net.neoforged.neoforge.items has been deprecated and marked for removal
        if (!(tile instanceof IItemHandler handler)) {
                              ^
E:\GitHub\BuildCraft\src\main\java\buildcraft\core\statements\TriggerInventory.java:69: warning: [removal] getSlots() in IItemHandler has been deprecated and marked for removal
        for (int i = 0; i < handler.getSlots(); i++) {
                                   ^
E:\GitHub\BuildCraft\src\main\java\buildcraft\core\statements\TriggerInventory.java:71: warning: [removal] getStackInSlot(int) in IItemHandler has been deprecated and marked for removal
            ItemStack stack = handler.getStackInSlot(i);
                                     ^
E:\GitHub\BuildCraft\src\main\java\buildcraft\core\statements\TriggerInventory.java:76: warning: [removal] insertItem(int,ItemStack,boolean) in IItemHandler has been deprecated and marked for removal
                && (searchedStack.isEmpty() || searchedStack.getItem() instanceof IList || handler.insertItem(i, searchedStack, true).isEmpty());
                                                                                                  ^
E:\GitHub\BuildCraft\src\main\java\buildcraft\core\statements\TriggerInventoryLevel.java:56: warning: [removal] IItemHandler in net.neoforged.neoforge.items has been deprecated and marked for removal
        if (!(tile instanceof IItemHandler itemHandler)) {
                              ^
E:\GitHub\BuildCraft\src\main\java\buildcraft\core\statements\TriggerInventoryLevel.java:65: warning: [removal] getSlots() in IItemHandler has been deprecated and marked for removal
        for (int slot = 0; slot < itemHandler.getSlots(); slot++) {
                                             ^
E:\GitHub\BuildCraft\src\main\java\buildcraft\core\statements\TriggerInventoryLevel.java:66: warning: [removal] getStackInSlot(int) in IItemHandler has been deprecated and marked for removal
            ItemStack stackInSlot = itemHandler.getStackInSlot(slot);
                                               ^
E:\GitHub\BuildCraft\src\main\java\buildcraft\core\statements\TriggerInventoryLevel.java:69: warning: [removal] getSlotLimit(int) in IItemHandler has been deprecated and marked for removal
                    itemSpace += itemHandler.getSlotLimit(slot);
                                            ^
E:\GitHub\BuildCraft\src\main\java\buildcraft\core\statements\TriggerInventoryLevel.java:75: warning: [removal] getSlotLimit(int) in IItemHandler has been deprecated and marked for removal
                        int count = Math.min(itemHandler.getSlotLimit(slot), searchStack.getMaxStackSize());
                                                        ^
E:\GitHub\BuildCraft\src\main\java\buildcraft\core\statements\TriggerInventoryLevel.java:77: warning: [removal] insertItem(int,ItemStack,boolean) in IItemHandler has been deprecated and marked for removal
                        ItemStack leftOver = itemHandler.insertItem(slot, stack, true);
                                                        ^
E:\GitHub\BuildCraft\src\main\java\buildcraft\core\statements\TriggerInventoryLevel.java:87: warning: [removal] getSlotLimit(int) in IItemHandler has been deprecated and marked for removal
                    itemSpace += Math.min(stackInSlot.getMaxStackSize(), itemHandler.getSlotLimit(slot));
                                                                                    ^
E:\GitHub\BuildCraft\src\main\java\buildcraft\energy\tile\TileEngineFE.java:49: warning: [removal] ItemStackHandler in net.neoforged.neoforge.items has been deprecated and marked for removal
    public final ItemStackHandler upgrades = new ItemStackHandler(4) {
                 ^
E:\GitHub\BuildCraft\src\main\java\buildcraft\energy\tile\TileEngineFE.java:49: warning: [removal] ItemStackHandler in net.neoforged.neoforge.items has been deprecated and marked for removal
    public final ItemStackHandler upgrades = new ItemStackHandler(4) {
                                                 ^
E:\GitHub\BuildCraft\src\main\java\buildcraft\energy\tile\TileDynamoMJ.java:59: warning: [removal] ItemStackHandler in net.neoforged.neoforge.items has been deprecated and marked for removal
    public final ItemStackHandler upgrades = new ItemStackHandler(4) {
                 ^
E:\GitHub\BuildCraft\src\main\java\buildcraft\energy\tile\TileDynamoMJ.java:59: warning: [removal] ItemStackHandler in net.neoforged.neoforge.items has been deprecated and marked for removal
    public final ItemStackHandler upgrades = new ItemStackHandler(4) {
                                                 ^
E:\GitHub\BuildCraft\src\main\java\buildcraft\energy\BCEnergyBlocks.java:16: warning: [removal] <B>registerBlock(String,Function<Properties,? extends B>,Properties) in Blocks has been deprecated and marked for removal
    public static final DeferredBlock<BlockEngineStone_BC8> ENGINE_STONE = BLOCKS.registerBlock(
                                                                                 ^
  where B is a type-variable:
    B extends Block declared in method <B>registerBlock(String,Function<Properties,? extends B>,Properties)
E:\GitHub\BuildCraft\src\main\java\buildcraft\energy\BCEnergyBlocks.java:20: warning: [removal] <B>registerBlock(String,Function<Properties,? extends B>,Properties) in Blocks has been deprecated and marked for removal
    public static final DeferredBlock<BlockEngineIron_BC8> ENGINE_IRON = BLOCKS.registerBlock(
                                                                               ^
  where B is a type-variable:
    B extends Block declared in method <B>registerBlock(String,Function<Properties,? extends B>,Properties)
E:\GitHub\BuildCraft\src\main\java\buildcraft\energy\BCEnergyBlocks.java:24: warning: [removal] <B>registerBlock(String,Function<Properties,? extends B>,Properties) in Blocks has been deprecated and marked for removal
    public static final DeferredBlock<BlockEngineFE> ENGINE_FE = BLOCKS.registerBlock(
                                                                       ^
  where B is a type-variable:
    B extends Block declared in method <B>registerBlock(String,Function<Properties,? extends B>,Properties)
E:\GitHub\BuildCraft\src\main\java\buildcraft\energy\BCEnergyBlocks.java:28: warning: [removal] <B>registerBlock(String,Function<Properties,? extends B>,Properties) in Blocks has been deprecated and marked for removal
    public static final DeferredBlock<BlockDynamoMJ> DYNAMO_MJ = BLOCKS.registerBlock(
                                                                       ^
  where B is a type-variable:
    B extends Block declared in method <B>registerBlock(String,Function<Properties,? extends B>,Properties)
E:\GitHub\BuildCraft\src\main\java\buildcraft\energy\BCEnergyFluids.java:188: warning: [removal] <B>registerBlock(String,Function<Properties,? extends B>,Properties) in Blocks has been deprecated and marked for removal
        blockHolder[0] = BLOCKS.registerBlock(regName,
                               ^
  where B is a type-variable:
    B extends Block declared in method <B>registerBlock(String,Function<Properties,? extends B>,Properties)
E:\GitHub\BuildCraft\src\main\java\buildcraft\energy\BCEnergyFluids.java:200: warning: [removal] <I>registerItem(String,Function<Properties,? extends I>,Properties) in Items has been deprecated and marked for removal
        bucketHolder[0] = ITEMS.registerItem(regName + "_bucket",
                               ^
  where I is a type-variable:
    I extends Item declared in method <I>registerItem(String,Function<Properties,? extends I>,Properties)
E:\GitHub\BuildCraft\src\main\java\buildcraft\energy\container\ContainerEngineFE.java:72: warning: [removal] SlotItemHandler in net.neoforged.neoforge.items has been deprecated and marked for removal
                addSlot(new SlotItemHandler(engine.upgrades, slot, 62 + 18 * slot, 44));
                            ^
E:\GitHub\BuildCraft\src\main\java\buildcraft\energy\container\ContainerDynamoMJ.java:72: warning: [removal] SlotItemHandler in net.neoforged.neoforge.items has been deprecated and marked for removal
                addSlot(new SlotItemHandler(dynamo.upgrades, slot, 44 + 18 * slot, 44));
                            ^
E:\GitHub\BuildCraft\src\main\java\buildcraft\factory\tile\TileAutoWorkbenchBase.java:117: warning: [removal] IItemHandlerModifiable in net.neoforged.neoforge.items has been deprecated and marked for removal
        invBlueprint.setCallback((handler, slot, before, after) -> {
                                  ^
E:\GitHub\BuildCraft\src\main\java\buildcraft\factory\tile\TileAutoWorkbenchBase.java:121: warning: [removal] IItemHandlerModifiable in net.neoforged.neoforge.items has been deprecated and marked for removal
        invMaterials.setCallback((handler, slot, before, after) -> {
                                  ^
Note: Some input files use or override a deprecated API.
Note: Recompile with -Xlint:deprecation for details.
Note: Some input files additionally use or override a deprecated API that is marked for removal.
Note: Some input files use unchecked or unsafe operations.
Note: Recompile with -Xlint:unchecked for details.
100 warnings

> Task :processResources
> Task :classes
> Task :jarJar NO-SOURCE
> Task :jar
> Task :assemble

> Task :compileTestJava
Note: E:\GitHub\BuildCraft\src\test\java\buildcraft\test\lib\expression\ExpressionTester.java uses or overrides a deprecated API.
Note: Recompile with -Xlint:deprecation for details.

> Task :processTestResources NO-SOURCE
> Task :testClasses
> Task :test
> Task :check
> Task :build

[Incubating] Problems report is available at: file:///E:/GitHub/BuildCraft/build/reports/problems/problems-report.html

BUILD SUCCESSFUL in 27s
7 actionable tasks: 7 executed
Consider enabling configuration cache to speed up this build: https://docs.gradle.org/9.3.1/userguide/configuration_cache_enabling.html
